<?xml version="1.0" encoding="UTF-8"?>
<testng-results skipped="0" failed="0" ignored="0" total="1" passed="1">
  <reporter-output>
  </reporter-output>
  <suite name="Default suite" duration-ms="10939" started-at="2020-04-24T23:57:58Z" finished-at="2020-04-24T23:58:09Z">
    <groups>
    </groups>
    <test name="Default test" duration-ms="10939" started-at="2020-04-24T23:57:58Z" finished-at="2020-04-24T23:58:09Z">
      <class name="PageTest">
        <test-method status="PASS" signature="setup()[pri:0, instance:PageTest@534df152]" name="setup" is-config="true" duration-ms="8854" started-at="2020-04-24T23:57:58Z" finished-at="2020-04-24T23:58:07Z">
          <reporter-output>
          </reporter-output>
        </test-method> <!-- setup -->
        <test-method status="PASS" signature="testMethod()[pri:0, instance:PageTest@534df152]" name="testMethod" duration-ms="1431" started-at="2020-04-24T23:58:07Z" finished-at="2020-04-24T23:58:09Z">
          <reporter-output>
          </reporter-output>
        </test-method> <!-- testMethod -->
        <test-method status="PASS" signature="teardown()[pri:0, instance:PageTest@534df152]" name="teardown" is-config="true" duration-ms="636" started-at="2020-04-24T23:58:09Z" finished-at="2020-04-24T23:58:09Z">
          <reporter-output>
          </reporter-output>
        </test-method> <!-- teardown -->
      </class> <!-- PageTest -->
    </test> <!-- Default test -->
  </suite> <!-- Default suite -->
</testng-results>
